Arguments: 
  /Users/jack/.nvm/versions/node/v16.14.1/bin/node /Users/jack/.nvm/versions/node/v16.14.1/bin/yarn install

PATH: 
  /Users/jack/.nvm/versions/node/v16.14.1/bin:/usr/local/bin:/System/Cryptexes/App/usr/bin:/usr/bin:/bin:/usr/sbin:/sbin:/Users/jack/.nvm/versions/node/v16.14.1/bin

Yarn version: 
  1.22.19

Node version: 
  16.14.1

Platform: 
  darwin arm64

Trace: 
  Error: https://registry.yarnpkg.com/3d-force-graph: ETIMEDOUT
      at Timeout._onTimeout (/Users/jack/.nvm/versions/node/v16.14.1/lib/node_modules/yarn/lib/cli.js:141550:19)
      at listOnTimeout (node:internal/timers:559:17)
      at processTimers (node:internal/timers:502:7)

npm manifest: 
  {
    "name": "front_cloudbrain_portal",
    "version": "0.1.0",
    "private": true,
    "scripts": {
      "serve": "vue-cli-service serve",
      "build": "vue-cli-service build",
      "lint": "vue-cli-service lint"
    },
    "dependencies": {
      "3d-force-graph": "^1.70.13",
      "@antv/g6": "^4.6.18",
      "@egjs/flicking-plugins": "^4.2.2",
      "@egjs/vue3-flicking": "^4.4.0",
      "@vue/composition-api": "^1.0.0-rc.7",
      "axios": "^0.27.2",
      "buffer": "^6.0.3",
      "core-js": "^3.8.3",
      "cytoscape": "^3.19.0",
      "cytoscape-d3-force": "^1.1.4",
      "element-plus": "^1.0.2-beta.41",
      "fast-text-encoding": "^1.0.3",
      "flv.js": "^1.6.2",
      "mqtt": "^4.2.8",
      "process": "^0.11.10",
      "sass": "^1.32.12",
      "sass-loader": "^11.0.1",
      "vue": "^3.0.4",
      "vue-class-component": "^8.0.0-0",
      "vue-router": "^4.0.6"
    },
    "devDependencies": {
      "@babel/core": "^7.12.16",
      "@babel/eslint-parser": "^7.12.16",
      "@types/cytoscape": "^3.14.17",
      "@types/ws": "^8.2.0",
      "@typescript-eslint/eslint-plugin": "^4.15.1",
      "@typescript-eslint/parser": "^4.15.1",
      "@vue/cli-plugin-babel": "~5.0.0-beta.0",
      "@vue/cli-plugin-eslint": "~5.0.0-beta.0",
      "@vue/cli-plugin-typescript": "^5.0.0-beta.0",
      "@vue/cli-service": "~5.0.0-beta.0",
      "@vue/compiler-sfc": "^3.0.4",
      "@vue/eslint-config-typescript": "^7.0.0",
      "babel-plugin-import": "^1.13.3",
      "eslint": "^7.20.0",
      "eslint-plugin-vue": "^7.2.0",
      "terser-webpack-plugin": "^5.3.6",
      "typescript": "~4.1.5"
    },
    "eslintConfig": {
      "root": true,
      "env": {
        "node": true
      },
      "extends": [
        "plugin:vue/vue3-essential",
        "eslint:recommended",
        "@vue/typescript"
      ],
      "parserOptions": {
        "parser": "@typescript-eslint/parser"
      },
      "rules": {}
    },
    "browserslist": [
      "> 1%",
      "last 2 versions",
      "not dead",
      "not ie 11"
    ]
  }

yarn manifest: 
  No manifest

Lockfile: 
  No lockfile
